<?xml version="1.0" encoding="UTF-8"?>
<!-- Generated by org.testng.reporters.JUnitReportReporter -->
<testsuite skipped="0" hostname="ANITHA-PC" name="Test.HomePageTest" tests="1" failures="0" timestamp="27 Jun 2021 09:33:56 GMT" time="1.021" errors="0">
  <testcase name="SearchProductTest" time="1.021" classname="Test.HomePageTest"/>
</testsuite> <!-- Test.HomePageTest -->
