<?xml version="1.0" encoding="UTF-8"?>
<!-- Generated by org.testng.reporters.JUnitReportReporter -->
<testsuite skipped="0" hostname="ANITHA-PC" name="TestScripts.TestScripts" tests="2" failures="0" timestamp="03 Jul 2021 14:14:36 GMT" time="89.790" errors="0">
  <testcase name="FlipkartTestCase" time="30.653" classname="TestScripts.TestScripts"/>
  <testcase name="PriceComparision" time="59.137" classname="TestScripts.TestScripts"/>
</testsuite> <!-- TestScripts.TestScripts -->
