<?xml version="1.0" encoding="UTF-8"?>
<!-- Generated by org.testng.reporters.JUnitReportReporter -->
<testsuite skipped="0" hostname="ANITHA-PC" name="Pages.LaunchBrowser" tests="1" failures="0" timestamp="25 Jun 2021 15:57:18 GMT" time="26.965" errors="0">
  <testcase name="beforeTest" time="26.965" classname="Pages.LaunchBrowser"/>
</testsuite> <!-- Pages.LaunchBrowser -->
